
20231116T014029.594Z  === POST-LOST ===

ID                  = 02e4b93a-5ef6-f4bb-f01e-e32a526403e9
Eval ID             = e39e61d9-6967-111c-63d0-253d5cf9d916
Name                = autoscaler-3.8.autoscaler-3.8[0]
Node ID             = 0d325062-9546-a027-93ee-0fd506292991
Node Name           = clients000000
Job ID              = autoscaler-3.8
Job Version         = 0
Client Status       = running
Client Description  = Tasks are running
Desired Status      = run
Desired Description = <none>
Created             = 2023-11-15T17:12:10-08:00
Modified            = 2023-11-15T17:12:27-08:00
Deployment ID       = ce4dd65a-583b-5256-24d6-47cc8173656d
Deployment Health   = healthy
Evaluated Nodes     = 1
Filtered Nodes      = 0
Exhausted Nodes     = 0
Allocation Time     = 101.104µs
Failures            = 0

Allocation Addresses:
Label  Dynamic  Address
*http  yes      10.0.2.7:21607

Task "autoscaler-3.8" is "running"
Task Resources:
CPU       Memory          Disk     Addresses
0/50 MHz  11 MiB/128 MiB  300 MiB  

Task Events:
Started At     = 2023-11-16T01:12:16Z
Finished At    = N/A
Total Restarts = 0
Last Restart   = N/A

Recent Events:
Time                       Type        Description
2023-11-15T17:12:16-08:00  Started     Task started by client
2023-11-15T17:12:11-08:00  Driver      Downloading image
2023-11-15T17:12:10-08:00  Task Setup  Building Task Directory
2023-11-15T17:12:10-08:00  Received    Task received by client

Placement Metrics
Node                                  binpack  job-anti-affinity  node-affinity  node-reschedule-penalty  final score
0d325062-9546-a027-93ee-0fd506292991  0.651    0                  0              0                        0.651
