
20231115T231106.227Z  === POST-LOST ===

ID                  = 2347374d-6db5-b797-70f0-9de60af968fb
Eval ID             = 4c649a49-d8a8-9ed1-d057-97882764ccb0
Name                = autoscaler-3.8.autoscaler-3.8[0]
Node ID             = c18775fb-a619-388a-fe54-c4ef9e7df6d9
Node Name           = clients000000
Job ID              = autoscaler-3.8
Job Version         = 0
Client Status       = running
Client Description  = Tasks are running
Desired Status      = run
Desired Description = <none>
Created             = 2023-11-15T14:46:35-08:00
Modified            = 2023-11-15T14:46:52-08:00
Deployment ID       = f6ba0494-3f3c-3c12-0eb3-5d6b1818f479
Deployment Health   = healthy
Evaluated Nodes     = 1
Filtered Nodes      = 0
Exhausted Nodes     = 0
Allocation Time     = 128.901µs
Failures            = 0

Allocation Addresses:
Label  Dynamic  Address
*http  yes      10.0.2.7:24131

Task "autoscaler-3.8" is "running"
Task Resources:
CPU       Memory          Disk     Addresses
0/50 MHz  12 MiB/128 MiB  300 MiB  

Task Events:
Started At     = 2023-11-15T22:46:41Z
Finished At    = N/A
Total Restarts = 0
Last Restart   = N/A

Recent Events:
Time                       Type        Description
2023-11-15T14:46:41-08:00  Started     Task started by client
2023-11-15T14:46:35-08:00  Driver      Downloading image
2023-11-15T14:46:35-08:00  Task Setup  Building Task Directory
2023-11-15T14:46:35-08:00  Received    Task received by client

Placement Metrics
Node                                  binpack  job-anti-affinity  node-affinity  node-reschedule-penalty  final score
c18775fb-a619-388a-fe54-c4ef9e7df6d9  0.651    0                  0              0                        0.651
