
20231116T225253.220Z  === PRE-LOST ===
ID                  = d9fddc15-f0f8-a0bd-14bf-b3c71af44b00
Eval ID             = 823cca28-0fb3-f316-1401-0ddf4950e96b
Name                = autoscaler-3.8.autoscaler-3.8[0]
Node ID             = 8a66f8b9-5052-e6d5-ae5d-af51f4569e3b
Node Name           = clients000000
Job ID              = autoscaler-3.8
Job Version         = 0
Client Status       = running
Client Description  = Tasks are running
Desired Status      = run
Desired Description = <none>
Created             = 2023-11-16T14:48:57-08:00
Modified            = 2023-11-16T14:49:14-08:00
Deployment ID       = cbf7956a-fb48-b952-3ff2-70422f75441d
Deployment Health   = healthy
Evaluated Nodes     = 1
Filtered Nodes      = 0
Exhausted Nodes     = 0
Allocation Time     = 105.301µs
Failures            = 0

Allocation Addresses:
Label  Dynamic  Address
*http  yes      10.0.2.7:26756

Task "autoscaler-3.8" is "running"
Task Resources:
CPU       Memory          Disk     Addresses
0/50 MHz  11 MiB/128 MiB  300 MiB  

Task Events:
Started At     = 2023-11-16T22:49:02Z
Finished At    = N/A
Total Restarts = 0
Last Restart   = N/A

Recent Events:
Time                       Type        Description
2023-11-16T14:49:02-08:00  Started     Task started by client
2023-11-16T14:48:58-08:00  Driver      Downloading image
2023-11-16T14:48:58-08:00  Task Setup  Building Task Directory
2023-11-16T14:48:58-08:00  Received    Task received by client

Placement Metrics
Node                                  binpack  job-anti-affinity  node-affinity  node-reschedule-penalty  final score
8a66f8b9-5052-e6d5-ae5d-af51f4569e3b  0.632    0                  0              0                        0.632
