20230524T195854.3NZ  === POST-RECOVER ===
ID                  = c3d1bebe-b46f-0f64-cddc-4cbb1b9e6f7c
Eval ID             = 1d95d705-d073-15c0-03dc-557280c977fd
Name                = azure-autoscaler.autoscaler[0]
Node ID             = 85a5ac20-cd19-48bc-326f-2b9e34e0df00
Node Name           = clients000001
Job ID              = azure-autoscaler
Job Version         = 4
Client Status       = running
Client Description  = Tasks are running
Desired Status      = run
Desired Description = <none>
Created             = 2023-05-24T12:54:31-07:00
Modified            = 2023-05-24T12:54:48-07:00
Deployment ID       = 49edacb5-1522-9f16-dcdd-ddb36706140a
Deployment Health   = healthy
Evaluated Nodes     = 1
Filtered Nodes      = 0
Exhausted Nodes     = 0
Allocation Time     = 135.711µs
Failures            = 0

Allocation Addresses:
Label  Dynamic  Address
*http  yes      10.0.2.8:23498

Task "autoscaler" is "running"
Task Resources:
CPU       Memory          Disk     Addresses
1/50 MHz  14 MiB/128 MiB  300 MiB  

Task Events:
Started At     = 2023-05-24T19:54:36Z
Finished At    = N/A
Total Restarts = 0
Last Restart   = N/A

Recent Events:
Time                       Type        Description
2023-05-24T12:54:36-07:00  Started     Task started by client
2023-05-24T12:54:32-07:00  Driver      Downloading image
2023-05-24T12:54:31-07:00  Task Setup  Building Task Directory
2023-05-24T12:54:31-07:00  Received    Task received by client

Placement Metrics
Node                                  binpack  job-anti-affinity  node-affinity  node-reschedule-penalty  final score
85a5ac20-cd19-48bc-326f-2b9e34e0df00  0.785    0                  0              0                        0.785
