20230524T195502.656Z  === PRE-LOST ===
ID            = webapp
Name          = webapp
Submit Date   = 2023-05-22T12:45:15-07:00
Type          = service
Priority      = 50
Datacenters   = dc1
Namespace     = default
Status        = running
Periodic      = false
Parameterized = false

Summary
Task Group  Queued  Starting  Running  Failed  Complete  Lost  Unknown
demo        0       0         2        0       10        0     0

Evaluations
ID                                    Priority  Triggered By        Status    Placement Failures
a6f87392-25b1-ca7a-be35-db3b25a4511f  50        deployment-watcher  complete  false
7ec45dd5-c760-3cd6-452e-93e9e93dfb65  50        deployment-watcher  complete  false
b2c2f6f8-6b6b-cd3b-cd4b-02debb4ce682  50        job-scaling         complete  false
d448feeb-811b-a780-a58b-ad6c1fee60a5  50        deployment-watcher  complete  false
8cadf648-738b-4e04-6ed1-5508fa058c32  50        job-scaling         complete  false
554e32aa-00da-3376-ecc1-5e31c94f4df2  50        deployment-watcher  complete  false
3b5fabc2-8931-ef86-69a6-13e3886807d3  50        deployment-watcher  complete  false
bfd3ca4e-3ad9-ddcb-4f40-2c8c5c93e037  50        job-scaling         complete  false

Latest Deployment
ID          = 29ae8486-2e0a-80eb-eba5-8e26829285e3
Status      = successful
Description = Deployment completed successfully

Deployed
Task Group  Desired  Placed  Healthy  Unhealthy  Progress Deadline
demo        2        2       2        0          2023-05-24T19:57:19Z

Allocations
ID                                    Eval ID                               Node ID                               Node Name      Task Group  Version  Desired  Status    Created                    Modified
6b0fa7cb-b7e5-d4ae-eb8f-2b6471171363  b2c2f6f8-6b6b-cd3b-cd4b-02debb4ce682  85a5ac20-cd19-48bc-326f-2b9e34e0df00  clients000001  demo        13       run      running   2023-05-24T12:47:03-07:00  2023-05-24T12:47:19-07:00
2eb09200-8a7e-ff4a-d5a0-e06239cd71f1  bfd3ca4e-3ad9-ddcb-4f40-2c8c5c93e037  85a5ac20-cd19-48bc-326f-2b9e34e0df00  clients000001  demo        11       stop     complete  2023-05-24T12:31:56-07:00  2023-05-24T12:33:03-07:00
cfbd841c-c062-4c72-a681-52f66250d6eb  b2c2f6f8-6b6b-cd3b-cd4b-02debb4ce682  85a5ac20-cd19-48bc-326f-2b9e34e0df00  clients000001  demo        13       run      running   2023-05-21T22:42:17-07:00  2023-05-24T12:47:14-07:00
