
20231116T192153.329Z  === PRE-LOST ===
ID                  = 60b694f6-a974-f849-62e2-77fc87b4748f
Eval ID             = 60fb90eb-5f62-be29-9e82-58411b4b898b
Name                = autoscaler-3.8.autoscaler-3.8[0]
Node ID             = 56b800f4-bbe2-8ee0-d70b-f3f3c3cf78ce
Node Name           = clients000001
Job ID              = autoscaler-3.8
Job Version         = 0
Client Status       = running
Client Description  = Tasks are running
Desired Status      = run
Desired Description = <none>
Created             = 2023-11-16T11:19:28-08:00
Modified            = 2023-11-16T11:19:46-08:00
Deployment ID       = 589e8901-4b43-3890-7cca-880e2b449828
Deployment Health   = healthy
Evaluated Nodes     = 1
Filtered Nodes      = 0
Exhausted Nodes     = 0
Allocation Time     = 97.001µs
Failures            = 0

Allocation Addresses:
Label  Dynamic  Address
*http  yes      10.0.2.8:31640

Task "autoscaler-3.8" is "running"
Task Resources:
CPU       Memory          Disk     Addresses
0/50 MHz  10 MiB/128 MiB  300 MiB  

Task Events:
Started At     = 2023-11-16T19:19:32Z
Finished At    = N/A
Total Restarts = 0
Last Restart   = N/A

Recent Events:
Time                       Type        Description
2023-11-16T11:19:32-08:00  Started     Task started by client
2023-11-16T11:19:28-08:00  Driver      Downloading image
2023-11-16T11:19:28-08:00  Task Setup  Building Task Directory
2023-11-16T11:19:28-08:00  Received    Task received by client

Placement Metrics
Node                                  binpack  job-anti-affinity  node-affinity  node-reschedule-penalty  final score
56b800f4-bbe2-8ee0-d70b-f3f3c3cf78ce  0.607    0                  0              0                        0.607
